::1 - - [04/Apr/2026 21:59:20] "GET / HTTP/1.1" 200 -
::1 - - [04/Apr/2026 21:59:32] code 404, message File not found
::1 - - [04/Apr/2026 21:59:32] "GET /sw.js HTTP/1.1" 404 -
::1 - - [04/Apr/2026 21:59:32] code 404, message File not found
::1 - - [04/Apr/2026 21:59:32] "GET /sw.js HTTP/1.1" 404 -
::1 - - [04/Apr/2026 22:00:59] code 404, message File not found
::1 - - [04/Apr/2026 22:00:59] "GET /sw.js HTTP/1.1" 404 -
::1 - - [04/Apr/2026 22:01:46] code 404, message File not found
::1 - - [04/Apr/2026 22:01:46] "GET /sw.js HTTP/1.1" 404 -
::1 - - [04/Apr/2026 22:08:35] "GET / HTTP/1.1" 200 -
::1 - - [04/Apr/2026 22:08:44] code 404, message File not found
::1 - - [04/Apr/2026 22:08:44] "GET /favicon.ico HTTP/1.1" 404 -
::1 - - [04/Apr/2026 22:09:15] code 404, message File not found
::1 - - [04/Apr/2026 22:09:15] "GET /.well-known/appspecific/com.chrome.devtools.json HTTP/1.1" 404 -
::1 - - [04/Apr/2026 22:09:36] "GET / HTTP/1.1" 304 -
::1 - - [04/Apr/2026 22:09:36] code 404, message File not found
::1 - - [04/Apr/2026 22:09:36] "GET /.well-known/appspecific/com.chrome.devtools.json HTTP/1.1" 404 -
::1 - - [04/Apr/2026 22:09:45] code 404, message File not found
::1 - - [04/Apr/2026 22:09:45] "GET /sw.js HTTP/1.1" 404 -
::1 - - [04/Apr/2026 22:13:41] code 404, message File not found
::1 - - [04/Apr/2026 22:13:41] "GET /sw.js HTTP/1.1" 404 -
::1 - - [04/Apr/2026 22:19:13] code 404, message File not found
::1 - - [04/Apr/2026 22:19:13] "GET /sw.js HTTP/1.1" 404 -
::1 - - [04/Apr/2026 22:24:45] code 404, message File not found
::1 - - [04/Apr/2026 22:24:45] "GET /sw.js HTTP/1.1" 404 -
